7b303fb HEAD@{Tue Jul 11 11:45:23 2023 +0900}: reset: moving to 7b303fb
69387cb HEAD@{Tue Jul 11 11:44:26 2023 +0900}: reset: moving to 69387cb
eb109e5 HEAD@{Tue Jul 11 11:42:51 2023 +0900}: reset: moving to HEAD@{16}
69387cb HEAD@{Tue Jul 11 11:41:52 2023 +0900}: reset: moving to HEAD@{13}
7b303fb HEAD@{Tue Jul 11 11:40:31 2023 +0900}: checkout: moving from feature/Community to master
d5c2981 HEAD@{Tue Jul 11 11:39:50 2023 +0900}: checkout: moving from master to feature/Community
7b303fb HEAD@{Tue Jul 11 11:37:49 2023 +0900}: reset: moving to HEAD@{4}
31fa96b HEAD@{Tue Jul 11 11:14:10 2023 +0900}: checkout: moving from feature/Community to master
d5c2981 HEAD@{Tue Jul 11 11:13:38 2023 +0900}: checkout: moving from master to feature/Community
31fa96b HEAD@{Tue Jul 11 11:13:38 2023 +0900}: reset: moving to HEAD
31fa96b HEAD@{Tue Jul 11 11:02:56 2023 +0900}: pull --ff --recurse-submodules --progress origin: Merge made by the 'ort' strategy.
7b303fb HEAD@{Tue Jul 11 10:56:09 2023 +0900}: commit (merge): Merge branch 'feature/Community'
69387cb HEAD@{Tue Jul 11 10:53:53 2023 +0900}: checkout: moving from feature/Community to master
d5c2981 HEAD@{Tue Jul 11 10:52:43 2023 +0900}: checkout: moving from develop/new-registration to feature/Community
3ee4fb4 HEAD@{Tue Jul 11 10:52:18 2023 +0900}: checkout: moving from feature/retry-new-registration to develop/new-registration
a375fa3 HEAD@{Tue Jul 11 10:52:04 2023 +0900}: commit: add:コミュニティーホーム
eb109e5 HEAD@{Tue Jul 11 10:51:01 2023 +0900}: checkout: moving from master to feature/retry-new-registration
69387cb HEAD@{Tue Jul 11 10:51:01 2023 +0900}: reset: moving to HEAD
69387cb HEAD@{Sun Jul 9 23:07:33 2023 +0900}: checkout: moving from feature/retry-new-registration to master
eb109e5 HEAD@{Sun Jul 9 23:01:57 2023 +0900}: checkout: moving from develop/new-registration to feature/retry-new-registration
3ee4fb4 HEAD@{Sun Jul 9 23:01:43 2023 +0900}: checkout: moving from master to develop/new-registration
69387cb HEAD@{Sun Jul 9 23:01:29 2023 +0900}: commit: add:グループ新規作成
9328103 HEAD@{Sun Jul 9 15:20:17 2023 +0900}: pull --ff --recurse-submodules --progress origin: Fast-forward
8345e71 HEAD@{Fri Jul 7 16:38:16 2023 +0900}: checkout: moving from develop/1.0 to master
0d31811 HEAD@{Fri Jul 7 16:38:14 2023 +0900}: commit: add:test
81bf805 HEAD@{Fri Jul 7 16:23:54 2023 +0900}: checkout: moving from develop/new-registration to develop/1.0
3ee4fb4 HEAD@{Fri Jul 7 16:19:33 2023 +0900}: checkout: moving from feature/Community to develop/new-registration
d5c2981 HEAD@{Fri Jul 7 16:18:47 2023 +0900}: checkout: moving from master to feature/Community
81bf805 HEAD@{Fri Jul 7 16:18:43 2023 +0900}: checkout: moving from feature/Community to master
d5c2981 HEAD@{Fri Jul 7 16:18:17 2023 +0900}: checkout: moving from feature/retry-new-registration to feature/Community
eb109e5 HEAD@{Fri Jul 7 16:16:39 2023 +0900}: checkout: moving from develop/new-registration to feature/retry-new-registration
3ee4fb4 HEAD@{Fri Jul 7 16:14:45 2023 +0900}: checkout: moving from feature/Community to develop/new-registration
d5c2981 HEAD@{Fri Jul 7 16:14:11 2023 +0900}: checkout: moving from master to feature/Community
81bf805 HEAD@{Fri Jul 7 16:12:18 2023 +0900}: checkout: moving from feature/Community to master
d5c2981 HEAD@{Fri Jul 7 16:12:14 2023 +0900}: commit: add
8ed11f6 HEAD@{Fri Jul 7 16:06:47 2023 +0900}: checkout: moving from develop/new-registration to feature/Community
3ee4fb4 HEAD@{Fri Jul 7 16:05:56 2023 +0900}: checkout: moving from feature/retry-new-registration to develop/new-registration
eb109e5 HEAD@{Fri Jul 7 16:05:19 2023 +0900}: checkout: moving from feature/Community to feature/retry-new-registration
8ed11f6 HEAD@{Fri Jul 7 15:59:52 2023 +0900}: checkout: moving from master to feature/Community
81bf805 HEAD@{Fri Jul 7 14:53:06 2023 +0900}: checkout: moving from develop/new-registration to master
3ee4fb4 HEAD@{Fri Jul 7 14:52:38 2023 +0900}: checkout: moving from feature/retry-new-registration to develop/new-registration
eb109e5 HEAD@{Fri Jul 7 14:51:21 2023 +0900}: checkout: moving from master to feature/retry-new-registration
81bf805 HEAD@{Fri Jul 7 14:51:08 2023 +0900}: pull --ff --recurse-submodules --progress origin: Fast-forward
836157a HEAD@{Fri Jul 7 14:50:57 2023 +0900}: checkout: moving from feature/Community to master
8ed11f6 HEAD@{Fri Jul 7 14:50:53 2023 +0900}: commit: add
907fc1d HEAD@{Fri Jun 30 15:56:23 2023 +0900}: commit: add:errorI_con
371ac92 HEAD@{Fri Jun 23 15:43:27 2023 +0900}: checkout: moving from feature/retry-new-registration to feature/Community
eb109e5 HEAD@{Fri Jun 23 15:43:21 2023 +0900}: checkout: moving from develop/new-registration to feature/retry-new-registration
762334f HEAD@{Fri Jun 23 15:41:35 2023 +0900}: checkout: moving from feature/retry-new-registration to develop/new-registration
eb109e5 HEAD@{Fri Jun 23 15:32:54 2023 +0900}: checkout: moving from feature/Community to feature/retry-new-registration
371ac92 HEAD@{Fri Jun 23 15:32:48 2023 +0900}: commit: Update group.tsx
c7c5a8b HEAD@{Fri Jun 23 14:35:01 2023 +0900}: checkout: moving from feature/retry-new-registration to feature/Community
eb109e5 HEAD@{Fri Jun 23 14:32:23 2023 +0900}: checkout: moving from feature/Community to feature/retry-new-registration
c7c5a8b HEAD@{Fri Jun 23 14:32:18 2023 +0900}: commit: add:Community
762334f HEAD@{Fri Jun 23 13:59:48 2023 +0900}: checkout: moving from develop/new-registration to feature/Community
762334f HEAD@{Fri Jun 23 13:56:51 2023 +0900}: checkout: moving from feature/retry-new-registration to develop/new-registration
eb109e5 HEAD@{Fri Jun 23 13:42:05 2023 +0900}: commit: add:途中までできた
990c044 HEAD@{Tue Jun 20 10:39:54 2023 +0900}: checkout: moving from develop/new-registration to feature/retry-new-registration
762334f HEAD@{Tue Jun 20 10:39:39 2023 +0900}: checkout: moving from feature/retry-new-registration to develop/new-registration
990c044 HEAD@{Tue Jun 20 10:38:40 2023 +0900}: checkout: moving from develop/new-registration to feature/retry-new-registration
762334f HEAD@{Tue Jun 20 10:37:26 2023 +0900}: checkout: moving from feature/retry-new-registration to develop/new-registration
990c044 HEAD@{Tue Jun 20 10:36:44 2023 +0900}: commit: add:memo
b87194c HEAD@{Tue Jun 20 10:08:49 2023 +0900}: checkout: moving from develop/new-registration to feature/retry-new-registration
b87194c HEAD@{Tue Jun 20 10:07:28 2023 +0900}: checkout: moving from feature/retry-new-registration to develop/new-registration
b87194c HEAD@{Tue Jun 20 10:07:25 2023 +0900}: Branch: renamed refs/heads/feature to refs/heads/feature/retry-new-registration
b87194c HEAD@{Tue Jun 20 10:05:53 2023 +0900}: checkout: moving from develop/new-registration to feature
b87194c HEAD@{Tue Jun 20 10:04:14 2023 +0900}: checkout: moving from featur/login to develop/new-registration
92053ad HEAD@{Tue Jun 20 10:04:01 2023 +0900}: commit: add:test00
7f72e88 HEAD@{Tue Jun 20 09:29:24 2023 +0900}: commit: add:test6/20
97de6c6 HEAD@{Mon Jun 19 10:27:32 2023 +0900}: commit: add:test
9433aef HEAD@{Fri Jun 16 13:39:52 2023 +0900}: commit: add:cssの追加
e80c7f8 HEAD@{Fri Jun 16 13:38:47 2023 +0900}: commit: add:test中
82484d2 HEAD@{Tue Jun 13 11:23:39 2023 +0900}: checkout: moving from develop/new-registration to featur/login
82484d2 HEAD@{Tue Jun 13 11:22:45 2023 +0900}: checkout: moving from master to develop/new-registration
ab6e782 HEAD@{Tue Jun 13 11:21:45 2023 +0900}: pull --ff --recurse-submodules --progress origin: Fast-forward
26950f5 HEAD@{Tue Jun 13 11:21:26 2023 +0900}: checkout: moving from develop/new-registration to master
82484d2 HEAD@{Tue Jun 13 11:20:15 2023 +0900}: checkout: moving from master to develop/new-registration
26950f5 HEAD@{Tue Jun 13 11:16:41 2023 +0900}: clone: from https://github.com/kusanohatsumi/service.git
